<?xml version="1.0" encoding="UTF-8"?>
<testng-results skipped="0" failed="1" total="1" passed="0">
  <reporter-output>
  </reporter-output>
  <suite name="Default suite" duration-ms="70875" started-at="2018-03-18T03:07:34Z" finished-at="2018-03-18T03:08:45Z">
    <groups>
    </groups>
    <test name="Default test" duration-ms="70875" started-at="2018-03-18T03:07:34Z" finished-at="2018-03-18T03:08:45Z">
      <class name="com.own.bq.controller.DummyControllerTest">
        <test-method status="PASS" signature="springTestContextBeforeTestClass()[pri:0, instance:com.own.bq.controller.DummyControllerTest@2f67a4d3]" name="springTestContextBeforeTestClass" is-config="true" duration-ms="14" started-at="2018-03-18T03:07:34Z" finished-at="2018-03-18T03:07:35Z">
          <reporter-output>
          </reporter-output>
        </test-method> <!-- springTestContextBeforeTestClass -->
        <test-method status="PASS" signature="springTestContextPrepareTestInstance()[pri:0, instance:com.own.bq.controller.DummyControllerTest@2f67a4d3]" name="springTestContextPrepareTestInstance" is-config="true" duration-ms="13489" started-at="2018-03-18T03:07:35Z" depends-on-methods="org.springframework.test.context.testng.AbstractTestNGSpringContextTests.springTestContextBeforeTestClass" finished-at="2018-03-18T03:07:48Z">
          <reporter-output>
          </reporter-output>
        </test-method> <!-- springTestContextPrepareTestInstance -->
        <test-method status="PASS" signature="init()[pri:0, instance:com.own.bq.controller.DummyControllerTest@2f67a4d3]" name="init" is-config="true" duration-ms="56064" started-at="2018-03-18T03:07:48Z" finished-at="2018-03-18T03:08:44Z">
          <reporter-output>
          </reporter-output>
        </test-method> <!-- init -->
        <test-method status="PASS" signature="springTestContextBeforeTestMethod(java.lang.reflect.Method)[pri:0, instance:com.own.bq.controller.DummyControllerTest@2f67a4d3]" name="springTestContextBeforeTestMethod" is-config="true" duration-ms="3" started-at="2018-03-18T03:08:44Z" finished-at="2018-03-18T03:08:44Z">
          <params>
            <param index="0">
              <value>
                <![CDATA[public void com.own.bq.controller.DummyControllerTest.getAllDummies()]]>
              </value>
            </param>
          </params>
          <reporter-output>
          </reporter-output>
        </test-method> <!-- springTestContextBeforeTestMethod -->
        <test-method status="FAIL" signature="getAllDummies()[pri:0, instance:com.own.bq.controller.DummyControllerTest@2f67a4d3]" name="getAllDummies" duration-ms="1279" started-at="2018-03-18T03:08:44Z" finished-at="2018-03-18T03:08:45Z">
          <exception class="org.springframework.web.client.ResourceAccessException">
            <message>
              <![CDATA[I/O error on GET request for "http://localhost:8080/bq/rest/dummies": Connection refused: connect; nested exception is java.net.ConnectException: Connection refused: connect]]>
            </message>
            <full-stacktrace>
              <![CDATA[org.springframework.web.client.ResourceAccessException: I/O error on GET request for "http://localhost:8080/bq/rest/dummies": Connection refused: connect; nested exception is java.net.ConnectException: Connection refused: connect
	at org.springframework.web.client.RestTemplate.doExecute(RestTemplate.java:739)
	at org.springframework.web.client.RestTemplate.execute(RestTemplate.java:682)
	at org.springframework.web.client.RestTemplate.exchange(RestTemplate.java:598)
	at com.own.bq.controller.DummyControllerTest.getAllDummies(DummyControllerTest.java:17)
	at sun.reflect.NativeMethodAccessorImpl.invoke0(Native Method)
	at sun.reflect.NativeMethodAccessorImpl.invoke(NativeMethodAccessorImpl.java:62)
	at sun.reflect.DelegatingMethodAccessorImpl.invoke(DelegatingMethodAccessorImpl.java:43)
	at java.lang.reflect.Method.invoke(Method.java:498)
	at org.testng.internal.MethodInvocationHelper.invokeMethod(MethodInvocationHelper.java:85)
	at org.testng.internal.MethodInvocationHelper$1.runTestMethod(MethodInvocationHelper.java:200)
	at org.springframework.test.context.testng.AbstractTestNGSpringContextTests.run(AbstractTestNGSpringContextTests.java:180)
	at org.testng.internal.MethodInvocationHelper.invokeHookable(MethodInvocationHelper.java:212)
	at org.testng.internal.Invoker.invokeMethod(Invoker.java:652)
	at org.testng.internal.Invoker.invokeTestMethod(Invoker.java:845)
	at org.testng.internal.Invoker.invokeTestMethods(Invoker.java:1153)
	at org.testng.internal.TestMethodWorker.invokeTestMethods(TestMethodWorker.java:125)
	at org.testng.internal.TestMethodWorker.run(TestMethodWorker.java:108)
	at org.testng.TestRunner.privateRun(TestRunner.java:771)
	at org.testng.TestRunner.run(TestRunner.java:621)
	at org.testng.SuiteRunner.runTest(SuiteRunner.java:357)
	at org.testng.SuiteRunner.runSequentially(SuiteRunner.java:352)
	at org.testng.SuiteRunner.privateRun(SuiteRunner.java:310)
	at org.testng.SuiteRunner.run(SuiteRunner.java:259)
	at org.testng.SuiteRunnerWorker.runSuite(SuiteRunnerWorker.java:52)
	at org.testng.SuiteRunnerWorker.run(SuiteRunnerWorker.java:86)
	at org.testng.TestNG.runSuitesSequentially(TestNG.java:1199)
	at org.testng.TestNG.runSuitesLocally(TestNG.java:1124)
	at org.testng.TestNG.run(TestNG.java:1032)
	at org.testng.remote.AbstractRemoteTestNG.run(AbstractRemoteTestNG.java:132)
	at org.testng.remote.RemoteTestNG.initAndRun(RemoteTestNG.java:230)
	at org.testng.remote.RemoteTestNG.main(RemoteTestNG.java:76)
Caused by: java.net.ConnectException: Connection refused: connect
	at java.net.DualStackPlainSocketImpl.connect0(Native Method)
	at java.net.DualStackPlainSocketImpl.socketConnect(DualStackPlainSocketImpl.java:79)
	at java.net.AbstractPlainSocketImpl.doConnect(AbstractPlainSocketImpl.java:350)
	at java.net.AbstractPlainSocketImpl.connectToAddress(AbstractPlainSocketImpl.java:206)
	at java.net.AbstractPlainSocketImpl.connect(AbstractPlainSocketImpl.java:188)
	at java.net.PlainSocketImpl.connect(PlainSocketImpl.java:172)
	at java.net.SocksSocketImpl.connect(SocksSocketImpl.java:392)
	at java.net.Socket.connect(Socket.java:589)
	at java.net.Socket.connect(Socket.java:538)
	at sun.net.NetworkClient.doConnect(NetworkClient.java:180)
	at sun.net.www.http.HttpClient.openServer(HttpClient.java:432)
	at sun.net.www.http.HttpClient.openServer(HttpClient.java:527)
	at sun.net.www.http.HttpClient.<init>(HttpClient.java:211)
	at sun.net.www.http.HttpClient.New(HttpClient.java:308)
	at sun.net.www.http.HttpClient.New(HttpClient.java:326)
	at sun.net.www.protocol.http.HttpURLConnection.getNewHttpClient(HttpURLConnection.java:1169)
	at sun.net.www.protocol.http.HttpURLConnection.plainConnect0(HttpURLConnection.java:1105)
	at sun.net.www.protocol.http.HttpURLConnection.plainConnect(HttpURLConnection.java:999)
	at sun.net.www.protocol.http.HttpURLConnection.connect(HttpURLConnection.java:933)
	at org.springframework.http.client.SimpleBufferingClientHttpRequest.executeInternal(SimpleBufferingClientHttpRequest.java:78)
	at org.springframework.http.client.AbstractBufferingClientHttpRequest.executeInternal(AbstractBufferingClientHttpRequest.java:48)
	at org.springframework.http.client.AbstractClientHttpRequest.execute(AbstractClientHttpRequest.java:53)
	at org.springframework.web.client.RestTemplate.doExecute(RestTemplate.java:725)
	... 30 more
]]>
            </full-stacktrace>
          </exception> <!-- org.springframework.web.client.ResourceAccessException -->
          <reporter-output>
          </reporter-output>
        </test-method> <!-- getAllDummies -->
        <test-method status="PASS" signature="springTestContextAfterTestMethod(java.lang.reflect.Method)[pri:0, instance:com.own.bq.controller.DummyControllerTest@2f67a4d3]" name="springTestContextAfterTestMethod" is-config="true" duration-ms="1" started-at="2018-03-18T03:08:45Z" finished-at="2018-03-18T03:08:45Z">
          <params>
            <param index="0">
              <value>
                <![CDATA[public void com.own.bq.controller.DummyControllerTest.getAllDummies()]]>
              </value>
            </param>
          </params>
          <reporter-output>
          </reporter-output>
        </test-method> <!-- springTestContextAfterTestMethod -->
        <test-method status="PASS" signature="springTestContextAfterTestClass()[pri:0, instance:com.own.bq.controller.DummyControllerTest@2f67a4d3]" name="springTestContextAfterTestClass" is-config="true" duration-ms="0" started-at="2018-03-18T03:08:45Z" finished-at="2018-03-18T03:08:45Z">
          <reporter-output>
          </reporter-output>
        </test-method> <!-- springTestContextAfterTestClass -->
      </class> <!-- com.own.bq.controller.DummyControllerTest -->
    </test> <!-- Default test -->
  </suite> <!-- Default suite -->
</testng-results>
